Running migration: 1_initial_migration.js
  Deploying Migrations...
  ... 0x6d6aada6bbd15dbb725e881682cddd7359d45295cd59e77717642978e382c1c4
  Migrations: 0xc50ef16d42cdc73daaacb9f0affa559edd9befb9
Saving successful migration to network...
  ... 0x1ad24fc71ea6097d697c2db067c2d462c33629abfb29a805ded840ad17c44173
Saving artifacts...
Running migration: 2_add_hellos.js
  Deploying Hellos...
  ... 0xd7b7b344d9163c6ea1ed2b75bc8640ba98c074167a0852f3d9fb70a65539a9e3
  Hellos: 0x9b24481161d616539e6f80827ea4315801027bb2
Saving successful migration to network...
  ... 0xb1b48f044229b38796d1143afdcdf79e935fbb529dca04f640978d2f9622dac1
Saving artifacts...


--- take 2 ---


Running migration: 1_initial_migration.js
  Deploying Migrations...
  ... 0x665593a955420e4197b9434e0ed2029c05ef082dc280760c7af7354ee26fe5c3
  Migrations: 0x0cb45fb3e96d90a5adf45956e8766af7bfb1ae97
Saving successful migration to network...
  ... 0x81368975d14a65c9ba36fe17a9621c5dafebf475db9be888f23cd682027da074
Saving artifacts...
Running migration: 2_add_hellos.js
  Deploying Hellos...
  ... 0x9947a0b84fbaadc428667651d9974c2cc8947eb163e1dfcc521375e61708e16b
  Hellos: 0x32c9e197951a3674aab69a5df245a27069fb6e5d
Saving successful migration to network...
  ... 0xc05bbd98211b8fb33528be51aab4c139c9997fd24518417461e03ba7f251e28a
Saving artifacts...



--- deploying Congress ---


Running migration: 3_add_congress.js
  Deploying Congress...
  ... 0x87800317327ca593632511a2f1d51ba1405b6191d257c6348111d976a65c1cfc
  Congress: 0x91cdc7c41c03312efca063acdeb016870e4e8411
Saving successful migration to network...
  ... 0x557d55228c2844bfcff7dc549383b77c6c1433f27b614ece853df8a63db617f2

